# JRE version: Java(TM) SE Runtime Environment 18.9 (11.0.7+8) (build 11.0.7+8-LTS)
# Java VM: Java HotSpot(TM) 64-Bit Server VM 18.9 (11.0.7+8-LTS, mixed mode, tiered, compressed oops, g1 gc, windows-amd64)
Heap:
 garbage-first heap   total 364544K, used 131455K [0x000000070a000000, 0x0000000800000000)
  region size 1024K, 123 young (125952K), 7 survivors (7168K)
 Metaspace       used 9348K, capacity 9536K, committed 9600K, reserved 1058816K
  class space    used 805K, capacity 881K, committed 896K, reserved 1048576K
GC Heap History (10 events):
Event: 0.672 GC heap before
{Heap before GC invocations=5 (full 0):
 garbage-first heap   total 303104K, used 187914K [0x000000070a000000, 0x0000000800000000)
  region size 1024K, 177 young (181248K), 4 survivors (4096K)
 Metaspace       used 9117K, capacity 9349K, committed 9600K, reserved 1058816K
  class space    used 790K, capacity 862K, committed 896K, reserved 1048576K
}
Event: 0.674 GC heap after
{Heap after GC invocations=6 (full 0):
 garbage-first heap   total 303104K, used 11438K [0x000000070a000000, 0x0000000800000000)
  region size 1024K, 5 young (5120K), 5 survivors (5120K)
 Metaspace       used 9117K, capacity 9349K, committed 9600K, reserved 1058816K
  class space    used 790K, capacity 862K, committed 896K, reserved 1048576K
}
Event: 0.722 GC heap before
{Heap before GC invocations=6 (full 0):
 garbage-first heap   total 303104K, used 187566K [0x000000070a000000, 0x0000000800000000)
  region size 1024K, 177 young (181248K), 5 survivors (5120K)
 Metaspace       used 9121K, capacity 9349K, committed 9600K, reserved 1058816K
  class space    used 791K, capacity 862K, committed 896K, reserved 1048576K
}
Event: 0.724 GC heap after
{Heap after GC invocations=7 (full 0):
 garbage-first heap   total 303104K, used 11970K [0x000000070a000000, 0x0000000800000000)
  region size 1024K, 5 young (5120K), 5 survivors (5120K)
 Metaspace       used 9121K, capacity 9349K, committed 9600K, reserved 1058816K
  class space    used 791K, capacity 862K, committed 896K, reserved 1048576K
}
Event: 0.769 GC heap before
{Heap before GC invocations=7 (full 0):
 garbage-first heap   total 303104K, used 188098K [0x000000070a000000, 0x0000000800000000)
  region size 1024K, 177 young (181248K), 5 survivors (5120K)
 Metaspace       used 9153K, capacity 9349K, committed 9600K, reserved 1058816K
  class space    used 791K, capacity 862K, committed 896K, reserved 1048576K
}
Event: 0.771 GC heap after
{Heap after GC invocations=8 (full 0):
 garbage-first heap   total 303104K, used 12402K [0x000000070a000000, 0x0000000800000000)
  region size 1024K, 6 young (6144K), 6 survivors (6144K)
 Metaspace       used 9153K, capacity 9349K, committed 9600K, reserved 1058816K
  class space    used 791K, capacity 862K, committed 896K, reserved 1048576K
}
Event: 0.818 GC heap before
{Heap before GC invocations=8 (full 0):
 garbage-first heap   total 303104K, used 187506K [0x000000070a000000, 0x0000000800000000)
  region size 1024K, 177 young (181248K), 6 survivors (6144K)
 Metaspace       used 9169K, capacity 9349K, committed 9600K, reserved 1058816K
  class space    used 791K, capacity 862K, committed 896K, reserved 1048576K
}
Event: 0.821 GC heap after
{Heap after GC invocations=9 (full 0):
 garbage-first heap   total 364544K, used 13081K [0x000000070a000000, 0x0000000800000000)
  region size 1024K, 6 young (6144K), 6 survivors (6144K)
 Metaspace       used 9169K, capacity 9349K, committed 9600K, reserved 1058816K
  class space    used 791K, capacity 862K, committed 896K, reserved 1048576K
}
Event: 0.898 GC heap before
{Heap before GC invocations=9 (full 0):
 garbage-first heap   total 364544K, used 224025K [0x000000070a000000, 0x0000000800000000)
  region size 1024K, 213 young (218112K), 6 survivors (6144K)
 Metaspace       used 9239K, capacity 9416K, committed 9600K, reserved 1058816K
  class space    used 791K, capacity 862K, committed 896K, reserved 1048576K
}
Event: 0.900 GC heap after
{Heap after GC invocations=10 (full 0):
 garbage-first heap   total 364544K, used 13695K [0x000000070a000000, 0x0000000800000000)
  region size 1024K, 7 young (7168K), 7 survivors (7168K)
 Metaspace       used 9239K, capacity 9416K, committed 9600K, reserved 1058816K
  class space    used 791K, capacity 862K, committed 896K, reserved 1048576K
}

